<?xml version="1.0" encoding="UTF-8"?>
<testsuites name="Regression" time="89.481" tests="3" failures="0" errors="0">
   <testsuite name="Regression" tests="3" failures="0" errors="0" time="89.481" skipped="0" timestamp="2021-12-09 13:30:44" hostname="alexandervcherashnii - 192.168.1.11" id="Test Suites/Regression/Regression">
      <properties>
         <property name="deviceName" value="iPhone 8"/>
         <property name="devicePlatform" value=""/>
         <property name="logFolder" value="/Users/Alexander/git/ClaweeiOS/Reports/20211209_133042/Regression/Regression/20211209_133042"/>
         <property name="logFiles" value="/Users/Alexander/git/ClaweeiOS/Reports/20211209_133042/Regression/Regression/20211209_133042/execution0.log, /Users/Alexander/git/ClaweeiOS/Reports/20211209_133042/Regression/Regression/20211209_133042/appium.log, /Users/Alexander/git/ClaweeiOS/Reports/20211209_133042/Regression/Regression/20211209_133042/appium-proxy-server.log"/>
         <property name="attachments" value=""/>
         <property name="hostName" value="alexandervcherashnii - 192.168.1.11"/>
         <property name="os" value="Mac OS X 64bit"/>
         <property name="appiumServerStatus" value="{&quot;value&quot;:{&quot;build&quot;:{&quot;version&quot;:&quot;1.22.0&quot;}},&quot;sessionId&quot;:null,&quot;status&quot;:0}"/>
         <property name="katalonVersion" value="8.2.0.208"/>
         <property name="deviceOS" value="iOS"/>
         <property name="appiumVersion" value="1.22.0"/>
         <property name="deviceModel" value="iPhone10,4"/>
         <property name="hostAddress" value="192.168.1.11"/>
         <property name="deviceManufacturer" value="Apple"/>
         <property name="deviceId" value="8fc83ece6ccceae3a6296115dd993d7ff26a2d9e"/>
         <property name="deviceName" value="iPhone 8"/>
         <property name="deviceOSVersion" value="15.1"/>
      </properties>
      <testcase name="Test Cases/Login Email" time="56.648" classname="Test Cases/Login Email" status="PASSED">
         <system-out><![CDATA[2021-12-09 13:30:45 - [TEST_CASE][PASSED] - Test Cases/Login Email: Test Cases/Login Email

2021-12-09 13:30:45 - [TEST_STEP][PASSED] - startExistingApplication("com.gigantic.clawee"): Starting app with application ID: 'com.gigantic.clawee'

2021-12-09 13:30:45 - [MESSAGE][INFO] - User set preference: ['deviceId', '']

2021-12-09 13:30:55 - [MESSAGE][WARNING] - Failed to start ios_webkit_debug_proxy on default port 27753

2021-12-09 13:30:55 - [MESSAGE][INFO] - Start paring with device: 8fc83ece6ccceae3a6296115dd993d7ff26a2d9e ...

2021-12-09 13:30:56 - [MESSAGE][INFO] - Device 8fc83ece6ccceae3a6296115dd993d7ff26a2d9e is paired

2021-12-09 13:30:57 - [MESSAGE][INFO] - Appium server started on port 51,865

2021-12-09 13:31:10 - [MESSAGE][PASSED] - Starting app with application ID: 'com.gigantic.clawee'

2021-12-09 13:31:10 - [TEST_STEP][PASSED] - tap(findTestObject("First test/Login email/Connect with E-mail"), 0): Tapped on element 'Object Repository/First test/Login email/Connect with E-mail'

2021-12-09 13:31:10 - [MESSAGE][WARNING] - Timeout '0' is invalid. Using default page load timeout: '30'

2021-12-09 13:31:11 - [MESSAGE][PASSED] - Tapped on element 'Object Repository/First test/Login email/Connect with E-mail'

2021-12-09 13:31:11 - [TEST_STEP][PASSED] - setText(findTestObject("First test/Login email/First name"), "Alexander", 0): Text 'Alexander' has been set to element 'Object Repository/First test/Login email/First name'

2021-12-09 13:31:11 - [MESSAGE][WARNING] - Timeout '0' is invalid. Using default page load timeout: '30'

2021-12-09 13:31:13 - [MESSAGE][PASSED] - Text 'Alexander' has been set to element 'Object Repository/First test/Login email/First name'

2021-12-09 13:31:13 - [TEST_STEP][PASSED] - setText(findTestObject("First test/Login email/Last name"), "Testing", 0): Text 'Testing' has been set to element 'Object Repository/First test/Login email/Last name'

2021-12-09 13:31:13 - [MESSAGE][WARNING] - Timeout '0' is invalid. Using default page load timeout: '30'

2021-12-09 13:31:14 - [MESSAGE][PASSED] - Text 'Testing' has been set to element 'Object Repository/First test/Login email/Last name'

2021-12-09 13:31:14 - [TEST_STEP][PASSED] - setText(findTestObject("First test/Login email/E-mail"), "alex.qa.eng+55@gmail.com", 0): Text 'alex.qa.eng+55@gmail.com' has been set to element 'Object Repository/First test/Login email/E-mail'

2021-12-09 13:31:14 - [MESSAGE][WARNING] - Timeout '0' is invalid. Using default page load timeout: '30'

2021-12-09 13:31:17 - [MESSAGE][PASSED] - Text 'alex.qa.eng+55@gmail.com' has been set to element 'Object Repository/First test/Login email/E-mail'

2021-12-09 13:31:17 - [TEST_STEP][PASSED] - setText(findTestObject("First test/Login email/Password"), "Alex0611", 0): Text 'Alex0611' has been set to element 'Object Repository/First test/Login email/Password'

2021-12-09 13:31:17 - [MESSAGE][WARNING] - Timeout '0' is invalid. Using default page load timeout: '30'

2021-12-09 13:31:18 - [MESSAGE][PASSED] - Text 'Alex0611' has been set to element 'Object Repository/First test/Login email/Password'

2021-12-09 13:31:18 - [TEST_STEP][PASSED] - sendKeys(findTestObject("First test/Login email/Next"), "Next"): Send keys 'Next' on test object 'Object Repository/First test/Login email/Next' successfully.

2021-12-09 13:31:40 - [MESSAGE][PASSED] - Send keys 'Next' on test object 'Object Repository/First test/Login email/Next' successfully.

2021-12-09 13:31:40 - [TEST_STEP][PASSED] - tap(findTestObject("First test/Login email/Sign Up"), 0): Tapped on element 'Object Repository/First test/Login email/Sign Up'

2021-12-09 13:31:40 - [MESSAGE][WARNING] - Timeout '0' is invalid. Using default page load timeout: '30'

2021-12-09 13:31:41 - [MESSAGE][PASSED] - Tapped on element 'Object Repository/First test/Login email/Sign Up']]></system-out>
         <system-err><![CDATA[]]></system-err>
      </testcase>
      <testcase name="Test Cases/First test/6 Weclome screens" time="24.601" classname="Test Cases/First test/6 Weclome screens" status="PASSED">
         <system-out><![CDATA[2021-12-09 13:31:41 - [TEST_CASE][PASSED] - Test Cases/First test/6 Weclome screens: Test Cases/First test/6 Weclome screens

2021-12-09 13:31:42 - [TEST_STEP][PASSED] - tap(findTestObject("First test/Login guest/Next welcome pop up"), 0): Tapped on element 'Object Repository/First test/Login guest/Next welcome pop up'

2021-12-09 13:31:42 - [MESSAGE][WARNING] - Timeout '0' is invalid. Using default page load timeout: '30'

2021-12-09 13:31:49 - [MESSAGE][PASSED] - Tapped on element 'Object Repository/First test/Login guest/Next welcome pop up'

2021-12-09 13:31:49 - [TEST_STEP][PASSED] - tap(findTestObject("First test/Login guest/Next welcome pop up"), 0): Tapped on element 'Object Repository/First test/Login guest/Next welcome pop up'

2021-12-09 13:31:49 - [MESSAGE][WARNING] - Timeout '0' is invalid. Using default page load timeout: '30'

2021-12-09 13:31:51 - [MESSAGE][PASSED] - Tapped on element 'Object Repository/First test/Login guest/Next welcome pop up'

2021-12-09 13:31:51 - [TEST_STEP][PASSED] - tap(findTestObject("First test/Login guest/Next welcome pop up"), 0): Tapped on element 'Object Repository/First test/Login guest/Next welcome pop up'

2021-12-09 13:31:51 - [MESSAGE][WARNING] - Timeout '0' is invalid. Using default page load timeout: '30'

2021-12-09 13:31:54 - [MESSAGE][PASSED] - Tapped on element 'Object Repository/First test/Login guest/Next welcome pop up'

2021-12-09 13:31:54 - [TEST_STEP][PASSED] - tap(findTestObject("First test/Login guest/Next welcome pop up"), 0): Tapped on element 'Object Repository/First test/Login guest/Next welcome pop up'

2021-12-09 13:31:54 - [MESSAGE][WARNING] - Timeout '0' is invalid. Using default page load timeout: '30'

2021-12-09 13:31:56 - [MESSAGE][PASSED] - Tapped on element 'Object Repository/First test/Login guest/Next welcome pop up'

2021-12-09 13:31:56 - [TEST_STEP][PASSED] - tap(findTestObject("First test/Login guest/Next welcome pop up"), 0): Tapped on element 'Object Repository/First test/Login guest/Next welcome pop up'

2021-12-09 13:31:56 - [MESSAGE][WARNING] - Timeout '0' is invalid. Using default page load timeout: '30'

2021-12-09 13:31:59 - [MESSAGE][PASSED] - Tapped on element 'Object Repository/First test/Login guest/Next welcome pop up'

2021-12-09 13:31:59 - [TEST_STEP][PASSED] - tap(findTestObject("First test/Login guest/Lets Go welcom pop up"), 0): Tapped on element 'Object Repository/First test/Login guest/Lets Go welcom pop up'

2021-12-09 13:31:59 - [MESSAGE][WARNING] - Timeout '0' is invalid. Using default page load timeout: '30'

2021-12-09 13:32:01 - [MESSAGE][PASSED] - Tapped on element 'Object Repository/First test/Login guest/Lets Go welcom pop up'

2021-12-09 13:32:01 - [TEST_STEP][PASSED] - tap(findTestObject("First test/Login guest/popup close button"), 0): Tapped on element 'Object Repository/First test/Login guest/popup close button'

2021-12-09 13:32:01 - [MESSAGE][WARNING] - Timeout '0' is invalid. Using default page load timeout: '30'

2021-12-09 13:32:04 - [MESSAGE][PASSED] - Tapped on element 'Object Repository/First test/Login guest/popup close button'

2021-12-09 13:32:04 - [TEST_STEP][PASSED] - tap(findTestObject("First test/Login guest/Lets go (Play for real)"), 0): Tapped on element 'Object Repository/First test/Login guest/Lets go (Play for real)'

2021-12-09 13:32:04 - [MESSAGE][WARNING] - Timeout '0' is invalid. Using default page load timeout: '30'

2021-12-09 13:32:06 - [MESSAGE][PASSED] - Tapped on element 'Object Repository/First test/Login guest/Lets go (Play for real)']]></system-out>
         <system-err><![CDATA[]]></system-err>
      </testcase>
      <testcase name="Test Cases/Reset user/Reset user" time="7.975" classname="Test Cases/Reset user/Reset user" status="PASSED">
         <system-out><![CDATA[2021-12-09 13:32:06 - [TEST_CASE][PASSED] - Test Cases/Reset user/Reset user: Test Cases/Reset user/Reset user

2021-12-09 13:32:06 - [TEST_STEP][PASSED] - tap(findTestObject("First test/Reset user/iconProfile"), 0): Tapped on element 'Object Repository/First test/Reset user/iconProfile'

2021-12-09 13:32:06 - [MESSAGE][WARNING] - Timeout '0' is invalid. Using default page load timeout: '30'

2021-12-09 13:32:08 - [MESSAGE][PASSED] - Tapped on element 'Object Repository/First test/Reset user/iconProfile'

2021-12-09 13:32:08 - [TEST_STEP][PASSED] - tap(findTestObject("First test/Reset user/developer menu"), 0): Tapped on element 'Object Repository/First test/Reset user/developer menu'

2021-12-09 13:32:09 - [MESSAGE][WARNING] - Timeout '0' is invalid. Using default page load timeout: '30'

2021-12-09 13:32:11 - [MESSAGE][PASSED] - Tapped on element 'Object Repository/First test/Reset user/developer menu'

2021-12-09 13:32:11 - [TEST_STEP][PASSED] - tap(findTestObject("First test/Reset user/Reset account"), 0): Tapped on element 'Object Repository/First test/Reset user/Reset account'

2021-12-09 13:32:11 - [MESSAGE][WARNING] - Timeout '0' is invalid. Using default page load timeout: '30'

2021-12-09 13:32:13 - [MESSAGE][PASSED] - Tapped on element 'Object Repository/First test/Reset user/Reset account'

2021-12-09 13:32:13 - [TEST_STEP][PASSED] - tap(findTestObject("First test/Reset user/Reset"), 0): Tapped on element 'Object Repository/First test/Reset user/Reset'

2021-12-09 13:32:13 - [MESSAGE][WARNING] - Timeout '0' is invalid. Using default page load timeout: '30'

2021-12-09 13:32:14 - [MESSAGE][PASSED] - Tapped on element 'Object Repository/First test/Reset user/Reset']]></system-out>
         <system-err><![CDATA[]]></system-err>
      </testcase>
      <system-out><![CDATA[2021-12-09 13:30:44 - [TEST_SUITE][PASSED] - Regression: Test Cases/Reset user/Reset user]]></system-out>
      <system-err><![CDATA[]]></system-err>
   </testsuite>
</testsuites>
